{"contracts/myCoin.sol":{"l":{"9":85,"13":86,"17":86},"path":"/home/spericorn/Ajay/Staking Contract_Ethereum/contracts/myCoin.sol","s":{"1":85,"2":86,"3":86},"b":{"1":[86,1]},"f":{"1":85,"2":86,"3":86},"fnMap":{"1":{"name":"constructor","line":8,"loc":{"start":{"line":8,"column":4},"end":{"line":10,"column":4}}},"2":{"name":"mintCoins","line":12,"loc":{"start":{"line":12,"column":4},"end":{"line":14,"column":4}}},"3":{"name":"decimals","line":16,"loc":{"start":{"line":16,"column":4},"end":{"line":18,"column":4}}}},"statementMap":{"1":{"start":{"line":9,"column":8},"end":{"line":9,"column":52}},"2":{"start":{"line":13,"column":8},"end":{"line":13,"column":32}},"3":{"start":{"line":17,"column":8},"end":{"line":17,"column":16}}},"branchMap":{"1":{"line":12,"type":"if","locations":[{"start":{"line":12,"column":48},"end":{"line":12,"column":48}},{"start":{"line":12,"column":48},"end":{"line":12,"column":48}}]}}},"contracts/roles.sol":{"l":{"21":91,"23":91,"24":3,"27":88,"35":3,"38":85,"39":85,"40":85,"45":4,"46":3,"51":4,"52":3,"57":4,"58":3,"63":4,"64":3,"68":3,"69":2,"70":1,"72":1,"73":1,"75":1,"79":3,"80":2,"81":1,"83":1,"84":1,"86":1,"90":3,"91":2,"92":1,"94":1,"95":1,"97":1,"101":3,"102":2,"104":1,"106":1,"107":1,"109":1,"113":14,"117":10,"121":8,"125":70},"path":"/home/spericorn/Ajay/Staking Contract_Ethereum/contracts/roles.sol","s":{"1":91,"2":88,"3":4,"4":4,"5":4,"6":4,"7":3,"8":2,"9":1,"10":1,"11":3,"12":2,"13":1,"14":1,"15":3,"16":2,"17":1,"18":1,"19":3,"20":2,"21":1,"22":1,"23":14,"24":10,"25":8,"26":70},"b":{"1":[3,88],"2":[1,1],"3":[1,1],"4":[3,85],"5":[1,0],"6":[0,0],"7":[0,0],"8":[0,1],"9":[1,1],"10":[1,3],"11":[1,3],"12":[1,3],"13":[1,3],"14":[3,1],"15":[1,2],"16":[1,1],"17":[1,0],"18":[0,0],"19":[3,1],"20":[1,2],"21":[1,1],"22":[0,0],"23":[0,1],"24":[3,1],"25":[1,2],"26":[1,1],"27":[1,0],"28":[0,0],"29":[3,1],"30":[1,2],"31":[1,1],"32":[1,0],"33":[0,0]},"f":{"1":91,"2":4,"3":4,"4":4,"5":4,"6":3,"7":3,"8":3,"9":3,"10":14,"11":10,"12":8,"13":70},"fnMap":{"1":{"name":"constructor","line":19,"loc":{"start":{"line":19,"column":4},"end":{"line":41,"column":4}}},"2":{"name":"OnlyPoolAdmin","line":43,"loc":{"start":{"line":43,"column":4},"end":{"line":47,"column":4}}},"3":{"name":"OnlyFeeCollector","line":49,"loc":{"start":{"line":49,"column":4},"end":{"line":53,"column":4}}},"4":{"name":"OnlyRewardManager","line":55,"loc":{"start":{"line":55,"column":4},"end":{"line":59,"column":4}}},"5":{"name":"OnlyFeeManager","line":61,"loc":{"start":{"line":61,"column":4},"end":{"line":65,"column":4}}},"6":{"name":"UpdatePoolAdmin","line":67,"loc":{"start":{"line":67,"column":4},"end":{"line":76,"column":4}}},"7":{"name":"UpdateFeeManager","line":78,"loc":{"start":{"line":78,"column":4},"end":{"line":87,"column":4}}},"8":{"name":"UpdateFeeCollector","line":89,"loc":{"start":{"line":89,"column":4},"end":{"line":98,"column":4}}},"9":{"name":"UpdateRewardManager","line":100,"loc":{"start":{"line":100,"column":4},"end":{"line":110,"column":4}}},"10":{"name":"isPoolAdmin","line":112,"loc":{"start":{"line":112,"column":4},"end":{"line":114,"column":4}}},"11":{"name":"isFeeManager","line":116,"loc":{"start":{"line":116,"column":4},"end":{"line":118,"column":4}}},"12":{"name":"isFeeCollector","line":120,"loc":{"start":{"line":120,"column":4},"end":{"line":122,"column":4}}},"13":{"name":"isRewardManager","line":124,"loc":{"start":{"line":124,"column":4},"end":{"line":126,"column":4}}}},"statementMap":{"1":{"start":{"line":23,"column":8},"end":{"line":23,"column":612}},"2":{"start":{"line":27,"column":8},"end":{"line":27,"column":771}},"3":{"start":{"line":45,"column":8},"end":{"line":45,"column":58}},"4":{"start":{"line":51,"column":8},"end":{"line":51,"column":61}},"5":{"start":{"line":57,"column":8},"end":{"line":57,"column":62}},"6":{"start":{"line":63,"column":8},"end":{"line":63,"column":59}},"7":{"start":{"line":68,"column":8},"end":{"line":68,"column":58}},"8":{"start":{"line":69,"column":8},"end":{"line":69,"column":1839}},"9":{"start":{"line":72,"column":8},"end":{"line":72,"column":36}},"10":{"start":{"line":75,"column":8},"end":{"line":75,"column":58}},"11":{"start":{"line":79,"column":8},"end":{"line":79,"column":63}},"12":{"start":{"line":80,"column":8},"end":{"line":80,"column":2259}},"13":{"start":{"line":83,"column":8},"end":{"line":83,"column":42}},"14":{"start":{"line":86,"column":8},"end":{"line":86,"column":69}},"15":{"start":{"line":90,"column":8},"end":{"line":90,"column":65}},"16":{"start":{"line":91,"column":8},"end":{"line":91,"column":2724}},"17":{"start":{"line":94,"column":8},"end":{"line":94,"column":46}},"18":{"start":{"line":97,"column":8},"end":{"line":97,"column":75}},"19":{"start":{"line":101,"column":8},"end":{"line":101,"column":66}},"20":{"start":{"line":102,"column":8},"end":{"line":102,"column":3213}},"21":{"start":{"line":106,"column":8},"end":{"line":106,"column":48}},"22":{"start":{"line":109,"column":8},"end":{"line":109,"column":78}},"23":{"start":{"line":113,"column":8},"end":{"line":113,"column":35}},"24":{"start":{"line":117,"column":8},"end":{"line":117,"column":36}},"25":{"start":{"line":121,"column":8},"end":{"line":121,"column":38}},"26":{"start":{"line":125,"column":8},"end":{"line":125,"column":39}}},"branchMap":{"1":{"line":23,"type":"if","locations":[{"start":{"line":23,"column":8},"end":{"line":23,"column":8}},{"start":{"line":23,"column":8},"end":{"line":23,"column":8}}]},"2":{"line":23,"type":"cond-expr","locations":[{"start":{"line":23,"column":11},"end":{"line":23,"column":35}},{"start":{"line":23,"column":40},"end":{"line":23,"column":67}}]},"3":{"line":23,"type":"cond-expr","locations":[{"start":{"line":23,"column":11},"end":{"line":23,"column":67}},{"start":{"line":23,"column":72},"end":{"line":23,"column":98}}]},"4":{"line":27,"type":"if","locations":[{"start":{"line":27,"column":8},"end":{"line":27,"column":8}},{"start":{"line":27,"column":8},"end":{"line":27,"column":8}}]},"5":{"line":28,"type":"cond-expr","locations":[{"start":{"line":28,"column":12},"end":{"line":28,"column":35}},{"start":{"line":29,"column":12},"end":{"line":29,"column":37}}]},"6":{"line":28,"type":"cond-expr","locations":[{"start":{"line":28,"column":12},"end":{"line":29,"column":37}},{"start":{"line":30,"column":12},"end":{"line":30,"column":38}}]},"7":{"line":28,"type":"cond-expr","locations":[{"start":{"line":28,"column":12},"end":{"line":30,"column":38}},{"start":{"line":31,"column":12},"end":{"line":31,"column":39}}]},"8":{"line":28,"type":"cond-expr","locations":[{"start":{"line":28,"column":12},"end":{"line":31,"column":39}},{"start":{"line":32,"column":12},"end":{"line":32,"column":40}}]},"9":{"line":28,"type":"cond-expr","locations":[{"start":{"line":28,"column":12},"end":{"line":32,"column":40}},{"start":{"line":33,"column":12},"end":{"line":33,"column":42}}]},"10":{"line":45,"type":"if","locations":[{"start":{"line":45,"column":8},"end":{"line":45,"column":8}},{"start":{"line":45,"column":8},"end":{"line":45,"column":8}}]},"11":{"line":51,"type":"if","locations":[{"start":{"line":51,"column":8},"end":{"line":51,"column":8}},{"start":{"line":51,"column":8},"end":{"line":51,"column":8}}]},"12":{"line":57,"type":"if","locations":[{"start":{"line":57,"column":8},"end":{"line":57,"column":8}},{"start":{"line":57,"column":8},"end":{"line":57,"column":8}}]},"13":{"line":63,"type":"if","locations":[{"start":{"line":63,"column":8},"end":{"line":63,"column":8}},{"start":{"line":63,"column":8},"end":{"line":63,"column":8}}]},"14":{"line":67,"type":"if","locations":[{"start":{"line":67,"column":56},"end":{"line":67,"column":56}},{"start":{"line":67,"column":56},"end":{"line":67,"column":56}}]},"15":{"line":68,"type":"if","locations":[{"start":{"line":68,"column":8},"end":{"line":68,"column":8}},{"start":{"line":68,"column":8},"end":{"line":68,"column":8}}]},"16":{"line":69,"type":"if","locations":[{"start":{"line":69,"column":8},"end":{"line":69,"column":8}},{"start":{"line":69,"column":8},"end":{"line":69,"column":8}}]},"17":{"line":69,"type":"cond-expr","locations":[{"start":{"line":69,"column":11},"end":{"line":69,"column":32}},{"start":{"line":69,"column":37},"end":{"line":69,"column":60}}]},"18":{"line":69,"type":"cond-expr","locations":[{"start":{"line":69,"column":11},"end":{"line":69,"column":60}},{"start":{"line":69,"column":65},"end":{"line":69,"column":89}}]},"19":{"line":78,"type":"if","locations":[{"start":{"line":78,"column":62},"end":{"line":78,"column":62}},{"start":{"line":78,"column":62},"end":{"line":78,"column":62}}]},"20":{"line":79,"type":"if","locations":[{"start":{"line":79,"column":8},"end":{"line":79,"column":8}},{"start":{"line":79,"column":8},"end":{"line":79,"column":8}}]},"21":{"line":80,"type":"if","locations":[{"start":{"line":80,"column":8},"end":{"line":80,"column":8}},{"start":{"line":80,"column":8},"end":{"line":80,"column":8}}]},"22":{"line":80,"type":"cond-expr","locations":[{"start":{"line":80,"column":11},"end":{"line":80,"column":37}},{"start":{"line":80,"column":42},"end":{"line":80,"column":70}}]},"23":{"line":80,"type":"cond-expr","locations":[{"start":{"line":80,"column":11},"end":{"line":80,"column":70}},{"start":{"line":80,"column":75},"end":{"line":80,"column":104}}]},"24":{"line":89,"type":"if","locations":[{"start":{"line":89,"column":66},"end":{"line":89,"column":66}},{"start":{"line":89,"column":66},"end":{"line":89,"column":66}}]},"25":{"line":90,"type":"if","locations":[{"start":{"line":90,"column":8},"end":{"line":90,"column":8}},{"start":{"line":90,"column":8},"end":{"line":90,"column":8}}]},"26":{"line":91,"type":"if","locations":[{"start":{"line":91,"column":8},"end":{"line":91,"column":8}},{"start":{"line":91,"column":8},"end":{"line":91,"column":8}}]},"27":{"line":91,"type":"cond-expr","locations":[{"start":{"line":91,"column":11},"end":{"line":91,"column":41}},{"start":{"line":91,"column":46},"end":{"line":91,"column":74}}]},"28":{"line":91,"type":"cond-expr","locations":[{"start":{"line":91,"column":11},"end":{"line":91,"column":74}},{"start":{"line":91,"column":79},"end":{"line":91,"column":110}}]},"29":{"line":100,"type":"if","locations":[{"start":{"line":100,"column":68},"end":{"line":100,"column":68}},{"start":{"line":100,"column":68},"end":{"line":100,"column":68}}]},"30":{"line":101,"type":"if","locations":[{"start":{"line":101,"column":8},"end":{"line":101,"column":8}},{"start":{"line":101,"column":8},"end":{"line":101,"column":8}}]},"31":{"line":102,"type":"if","locations":[{"start":{"line":102,"column":8},"end":{"line":102,"column":8}},{"start":{"line":102,"column":8},"end":{"line":102,"column":8}}]},"32":{"line":102,"type":"cond-expr","locations":[{"start":{"line":102,"column":11},"end":{"line":102,"column":43}},{"start":{"line":102,"column":48},"end":{"line":102,"column":79}}]},"33":{"line":102,"type":"cond-expr","locations":[{"start":{"line":102,"column":11},"end":{"line":102,"column":79}},{"start":{"line":102,"column":84},"end":{"line":103,"column":21}}]}}},"contracts/staking.sol":{"l":{"91":91,"92":91,"94":91,"108":91,"112":63,"113":61,"114":59,"116":58,"118":58,"120":58,"121":58,"122":58,"124":58,"125":49,"127":47,"128":47,"129":47,"130":47,"132":9,"134":9,"135":9,"137":8,"138":8,"139":8,"142":55,"144":55,"148":27,"149":27,"151":26,"153":23,"155":23,"156":23,"158":23,"159":23,"161":23,"163":23,"165":23,"167":23,"171":9,"172":9,"174":8,"176":8,"177":8,"179":8,"180":8,"182":8,"184":8,"190":4,"191":3,"193":2,"195":2,"196":2,"198":1,"199":1,"200":1,"201":1,"202":1,"204":1,"218":6,"220":5,"221":4,"223":3,"224":3,"225":3,"227":3,"237":5,"239":4,"240":4,"242":3,"244":3,"246":3,"250":63,"251":62,"253":61,"254":61,"256":61,"260":4,"261":3,"262":2,"264":1,"265":1,"267":1,"271":58,"272":58,"273":3,"276":55,"279":55,"280":9,"281":9,"282":9,"285":9,"286":0,"289":9,"290":2,"293":9,"294":9,"295":9,"296":9,"297":9,"301":55,"304":55,"310":89,"311":40,"312":40,"315":49,"316":49,"319":49,"320":0,"321":0,"324":49,"325":49,"327":49,"328":48,"329":48,"330":48,"332":48,"335":49,"339":23,"340":5,"343":18,"345":18,"346":1,"348":0,"350":17,"362":12,"363":12,"379":3,"394":2,"407":14,"416":15,"420":68,"424":6,"425":5,"426":5,"428":4},"path":"/home/spericorn/Ajay/Staking Contract_Ethereum/contracts/staking.sol","s":{"1":63,"2":61,"3":59,"4":58,"5":58,"6":58,"7":58,"8":58,"9":49,"10":9,"11":9,"12":9,"13":55,"14":55,"15":27,"16":27,"17":26,"18":23,"19":23,"20":23,"21":23,"22":23,"23":23,"24":9,"25":9,"26":8,"27":8,"28":8,"29":8,"30":8,"31":4,"32":3,"33":2,"34":2,"35":2,"36":1,"37":6,"38":5,"39":4,"40":3,"41":5,"42":4,"43":4,"44":3,"45":3,"46":63,"47":62,"48":61,"49":61,"50":4,"51":3,"52":2,"53":1,"54":1,"55":58,"56":58,"57":3,"58":55,"59":55,"60":9,"61":9,"62":9,"63":9,"64":9,"65":9,"66":9,"67":9,"68":55,"69":55,"70":89,"71":40,"72":49,"73":49,"74":49,"75":0,"76":49,"77":49,"78":49,"79":48,"80":48,"81":48,"82":23,"83":5,"84":18,"85":18,"86":1,"87":17,"88":0,"89":17,"90":12,"91":12,"92":3,"93":2,"94":14,"95":15,"96":68,"97":6,"98":5,"99":5},"b":{"1":[63,0],"2":[2,61],"3":[2,59],"4":[1,58],"5":[0,58],"6":[49,9],"7":[2,47],"8":[1,8],"9":[27,0],"10":[1,26],"11":[3,23],"12":[9,0],"13":[1,8],"14":[0,8],"15":[1,3],"16":[1,2],"17":[1,1],"18":[1,5],"19":[1,4],"20":[1,3],"21":[1,4],"22":[1,3],"23":[1,62],"24":[1,61],"25":[1,3],"26":[1,2],"27":[1,1],"28":[3,55],"29":[9,46],"30":[0,9],"31":[2,7],"32":[9,0],"33":[50,5],"34":[40,49],"35":[0,49],"36":[0,49],"37":[5,44],"38":[48,1],"39":[5,18],"40":[1,17],"41":[0,17],"42":[1,5],"43":[1,4]},"f":{"1":91,"2":63,"3":27,"4":9,"5":4,"6":6,"7":5,"8":63,"9":4,"10":58,"11":89,"12":23,"13":12,"14":3,"15":2,"16":14,"17":15,"18":68,"19":6},"fnMap":{"1":{"name":"constructor","line":78,"loc":{"start":{"line":78,"column":4},"end":{"line":109,"column":4}}},"2":{"name":"stake","line":111,"loc":{"start":{"line":111,"column":4},"end":{"line":145,"column":4}}},"3":{"name":"unstake","line":147,"loc":{"start":{"line":147,"column":4},"end":{"line":168,"column":4}}},"4":{"name":"claimRewards","line":170,"loc":{"start":{"line":170,"column":4},"end":{"line":185,"column":4}}},"5":{"name":"updatePoolConfig","line":187,"loc":{"start":{"line":187,"column":4},"end":{"line":211,"column":4}}},"6":{"name":"updateFeeConfig","line":213,"loc":{"start":{"line":213,"column":4},"end":{"line":234,"column":4}}},"7":{"name":"collectFees","line":236,"loc":{"start":{"line":236,"column":4},"end":{"line":247,"column":4}}},"8":{"name":"lockRewards","line":249,"loc":{"start":{"line":249,"column":4},"end":{"line":257,"column":4}}},"9":{"name":"unlockRewards","line":259,"loc":{"start":{"line":259,"column":4},"end":{"line":268,"column":4}}},"10":{"name":"calculatePendingRewards","line":270,"loc":{"start":{"line":270,"column":4},"end":{"line":305,"column":4}}},"11":{"name":"updatePoolRewards","line":309,"loc":{"start":{"line":309,"column":4},"end":{"line":336,"column":4}}},"12":{"name":"calculateUnstakeFee","line":338,"loc":{"start":{"line":338,"column":4},"end":{"line":352,"column":4}}},"13":{"name":"getUserInfo","line":356,"loc":{"start":{"line":356,"column":4},"end":{"line":369,"column":4}}},"14":{"name":"getPoolConfig","line":371,"loc":{"start":{"line":371,"column":4},"end":{"line":387,"column":4}}},"15":{"name":"getFeeConfig","line":389,"loc":{"start":{"line":389,"column":4},"end":{"line":399,"column":4}}},"16":{"name":"getPoolStats","line":401,"loc":{"start":{"line":401,"column":4},"end":{"line":413,"column":4}}},"17":{"name":"getCollectedFees","line":415,"loc":{"start":{"line":415,"column":4},"end":{"line":417,"column":4}}},"18":{"name":"isPoolActive","line":419,"loc":{"start":{"line":419,"column":4},"end":{"line":421,"column":4}}},"19":{"name":"setLockPeriod","line":423,"loc":{"start":{"line":423,"column":4},"end":{"line":429,"column":4}}}},"statementMap":{"1":{"start":{"line":112,"column":8},"end":{"line":112,"column":74}},"2":{"start":{"line":113,"column":8},"end":{"line":113,"column":68}},"3":{"start":{"line":114,"column":8},"end":{"line":114,"column":67}},"4":{"start":{"line":116,"column":8},"end":{"line":116,"column":26}},"5":{"start":{"line":118,"column":8},"end":{"line":118,"column":50}},"6":{"start":{"line":120,"column":8},"end":{"line":120,"column":47}},"7":{"start":{"line":121,"column":8},"end":{"line":121,"column":65}},"8":{"start":{"line":124,"column":8},"end":{"line":124,"column":3996}},"9":{"start":{"line":125,"column":12},"end":{"line":125,"column":74}},"10":{"start":{"line":132,"column":12},"end":{"line":132,"column":71}},"11":{"start":{"line":134,"column":12},"end":{"line":134,"column":57}},"12":{"start":{"line":135,"column":12},"end":{"line":135,"column":75}},"13":{"start":{"line":142,"column":8},"end":{"line":142,"column":71}},"14":{"start":{"line":144,"column":8},"end":{"line":144,"column":56}},"15":{"start":{"line":148,"column":8},"end":{"line":148,"column":50}},"16":{"start":{"line":149,"column":8},"end":{"line":149,"column":57}},"17":{"start":{"line":151,"column":8},"end":{"line":151,"column":92}},"18":{"start":{"line":153,"column":8},"end":{"line":153,"column":26}},"19":{"start":{"line":155,"column":8},"end":{"line":155,"column":67}},"20":{"start":{"line":156,"column":8},"end":{"line":156,"column":77}},"21":{"start":{"line":161,"column":8},"end":{"line":161,"column":72}},"22":{"start":{"line":165,"column":8},"end":{"line":165,"column":60}},"23":{"start":{"line":167,"column":8},"end":{"line":167,"column":86}},"24":{"start":{"line":171,"column":8},"end":{"line":171,"column":50}},"25":{"start":{"line":172,"column":8},"end":{"line":172,"column":56}},"26":{"start":{"line":174,"column":8},"end":{"line":174,"column":26}},"27":{"start":{"line":176,"column":8},"end":{"line":176,"column":67}},"28":{"start":{"line":177,"column":8},"end":{"line":177,"column":56}},"29":{"start":{"line":182,"column":8},"end":{"line":182,"column":59}},"30":{"start":{"line":184,"column":8},"end":{"line":184,"column":70}},"31":{"start":{"line":190,"column":8},"end":{"line":190,"column":65}},"32":{"start":{"line":191,"column":8},"end":{"line":191,"column":79}},"33":{"start":{"line":193,"column":8},"end":{"line":193,"column":55}},"34":{"start":{"line":195,"column":8},"end":{"line":195,"column":67}},"35":{"start":{"line":196,"column":8},"end":{"line":196,"column":76}},"36":{"start":{"line":204,"column":8},"end":{"line":204,"column":7040}},"37":{"start":{"line":218,"column":8},"end":{"line":218,"column":67}},"38":{"start":{"line":220,"column":8},"end":{"line":220,"column":74}},"39":{"start":{"line":221,"column":8},"end":{"line":221,"column":67}},"40":{"start":{"line":227,"column":8},"end":{"line":227,"column":7801}},"41":{"start":{"line":237,"column":8},"end":{"line":237,"column":69}},"42":{"start":{"line":239,"column":8},"end":{"line":239,"column":41}},"43":{"start":{"line":240,"column":8},"end":{"line":240,"column":51}},"44":{"start":{"line":244,"column":8},"end":{"line":244,"column":55}},"45":{"start":{"line":246,"column":8},"end":{"line":246,"column":65}},"46":{"start":{"line":250,"column":8},"end":{"line":250,"column":70}},"47":{"start":{"line":251,"column":8},"end":{"line":251,"column":54}},"48":{"start":{"line":254,"column":8},"end":{"line":254,"column":71}},"49":{"start":{"line":256,"column":8},"end":{"line":256,"column":63}},"50":{"start":{"line":260,"column":8},"end":{"line":260,"column":70}},"51":{"start":{"line":261,"column":8},"end":{"line":261,"column":54}},"52":{"start":{"line":262,"column":8},"end":{"line":262,"column":67}},"53":{"start":{"line":265,"column":8},"end":{"line":265,"column":52}},"54":{"start":{"line":267,"column":8},"end":{"line":267,"column":65}},"55":{"start":{"line":271,"column":8},"end":{"line":271,"column":48}},"56":{"start":{"line":272,"column":8},"end":{"line":272,"column":9327}},"57":{"start":{"line":273,"column":12},"end":{"line":273,"column":20}},"58":{"start":{"line":276,"column":8},"end":{"line":276,"column":63}},"59":{"start":{"line":279,"column":8},"end":{"line":279,"column":9602}},"60":{"start":{"line":280,"column":12},"end":{"line":280,"column":31}},"61":{"start":{"line":281,"column":12},"end":{"line":281,"column":58}},"62":{"start":{"line":282,"column":12},"end":{"line":282,"column":56}},"63":{"start":{"line":285,"column":12},"end":{"line":285,"column":9916}},"64":{"start":{"line":289,"column":12},"end":{"line":289,"column":10065}},"65":{"start":{"line":293,"column":12},"end":{"line":293,"column":10212}},"66":{"start":{"line":295,"column":16},"end":{"line":295,"column":85}},"67":{"start":{"line":296,"column":16},"end":{"line":296,"column":104}},"68":{"start":{"line":301,"column":8},"end":{"line":301,"column":88}},"69":{"start":{"line":304,"column":8},"end":{"line":304,"column":78}},"70":{"start":{"line":310,"column":8},"end":{"line":310,"column":10872}},"71":{"start":{"line":312,"column":12},"end":{"line":312,"column":18}},"72":{"start":{"line":315,"column":8},"end":{"line":315,"column":48}},"73":{"start":{"line":316,"column":8},"end":{"line":316,"column":44}},"74":{"start":{"line":319,"column":8},"end":{"line":319,"column":11135}},"75":{"start":{"line":321,"column":12},"end":{"line":321,"column":18}},"76":{"start":{"line":324,"column":8},"end":{"line":324,"column":93}},"77":{"start":{"line":325,"column":8},"end":{"line":325,"column":92}},"78":{"start":{"line":327,"column":8},"end":{"line":327,"column":11461}},"79":{"start":{"line":328,"column":12},"end":{"line":328,"column":75}},"80":{"start":{"line":329,"column":12},"end":{"line":329,"column":75}},"81":{"start":{"line":330,"column":12},"end":{"line":330,"column":84}},"82":{"start":{"line":339,"column":8},"end":{"line":339,"column":12007}},"83":{"start":{"line":340,"column":12},"end":{"line":340,"column":20}},"84":{"start":{"line":343,"column":8},"end":{"line":343,"column":103}},"85":{"start":{"line":345,"column":8},"end":{"line":345,"column":12211}},"86":{"start":{"line":346,"column":12},"end":{"line":346,"column":50}},"87":{"start":{"line":347,"column":15},"end":{"line":347,"column":12327}},"88":{"start":{"line":348,"column":12},"end":{"line":348,"column":50}},"89":{"start":{"line":350,"column":12},"end":{"line":350,"column":26}},"90":{"start":{"line":362,"column":8},"end":{"line":362,"column":48}},"91":{"start":{"line":363,"column":8},"end":{"line":363,"column":12769}},"92":{"start":{"line":379,"column":8},"end":{"line":379,"column":13198}},"93":{"start":{"line":394,"column":8},"end":{"line":394,"column":13618}},"94":{"start":{"line":407,"column":8},"end":{"line":407,"column":14005}},"95":{"start":{"line":416,"column":8},"end":{"line":416,"column":28}},"96":{"start":{"line":420,"column":8},"end":{"line":420,"column":94}},"97":{"start":{"line":424,"column":8},"end":{"line":424,"column":66}},"98":{"start":{"line":425,"column":8},"end":{"line":425,"column":48}},"99":{"start":{"line":426,"column":8},"end":{"line":426,"column":61}}},"branchMap":{"1":{"line":111,"type":"if","locations":[{"start":{"line":111,"column":44},"end":{"line":111,"column":44}},{"start":{"line":111,"column":44},"end":{"line":111,"column":44}}]},"2":{"line":112,"type":"if","locations":[{"start":{"line":112,"column":8},"end":{"line":112,"column":8}},{"start":{"line":112,"column":8},"end":{"line":112,"column":8}}]},"3":{"line":113,"type":"if","locations":[{"start":{"line":113,"column":8},"end":{"line":113,"column":8}},{"start":{"line":113,"column":8},"end":{"line":113,"column":8}}]},"4":{"line":114,"type":"if","locations":[{"start":{"line":114,"column":8},"end":{"line":114,"column":8}},{"start":{"line":114,"column":8},"end":{"line":114,"column":8}}]},"5":{"line":121,"type":"if","locations":[{"start":{"line":121,"column":8},"end":{"line":121,"column":8}},{"start":{"line":121,"column":8},"end":{"line":121,"column":8}}]},"6":{"line":124,"type":"if","locations":[{"start":{"line":124,"column":8},"end":{"line":124,"column":8}},{"start":{"line":124,"column":8},"end":{"line":124,"column":8}}]},"7":{"line":125,"type":"if","locations":[{"start":{"line":125,"column":12},"end":{"line":125,"column":12}},{"start":{"line":125,"column":12},"end":{"line":125,"column":12}}]},"8":{"line":135,"type":"if","locations":[{"start":{"line":135,"column":12},"end":{"line":135,"column":12}},{"start":{"line":135,"column":12},"end":{"line":135,"column":12}}]},"9":{"line":147,"type":"if","locations":[{"start":{"line":147,"column":32},"end":{"line":147,"column":32}},{"start":{"line":147,"column":32},"end":{"line":147,"column":32}}]},"10":{"line":149,"type":"if","locations":[{"start":{"line":149,"column":8},"end":{"line":149,"column":8}},{"start":{"line":149,"column":8},"end":{"line":149,"column":8}}]},"11":{"line":151,"type":"if","locations":[{"start":{"line":151,"column":8},"end":{"line":151,"column":8}},{"start":{"line":151,"column":8},"end":{"line":151,"column":8}}]},"12":{"line":170,"type":"if","locations":[{"start":{"line":170,"column":37},"end":{"line":170,"column":37}},{"start":{"line":170,"column":37},"end":{"line":170,"column":37}}]},"13":{"line":172,"type":"if","locations":[{"start":{"line":172,"column":8},"end":{"line":172,"column":8}},{"start":{"line":172,"column":8},"end":{"line":172,"column":8}}]},"14":{"line":177,"type":"if","locations":[{"start":{"line":177,"column":8},"end":{"line":177,"column":8}},{"start":{"line":177,"column":8},"end":{"line":177,"column":8}}]},"15":{"line":190,"type":"if","locations":[{"start":{"line":190,"column":8},"end":{"line":190,"column":8}},{"start":{"line":190,"column":8},"end":{"line":190,"column":8}}]},"16":{"line":191,"type":"if","locations":[{"start":{"line":191,"column":8},"end":{"line":191,"column":8}},{"start":{"line":191,"column":8},"end":{"line":191,"column":8}}]},"17":{"line":196,"type":"if","locations":[{"start":{"line":196,"column":8},"end":{"line":196,"column":8}},{"start":{"line":196,"column":8},"end":{"line":196,"column":8}}]},"18":{"line":218,"type":"if","locations":[{"start":{"line":218,"column":8},"end":{"line":218,"column":8}},{"start":{"line":218,"column":8},"end":{"line":218,"column":8}}]},"19":{"line":220,"type":"if","locations":[{"start":{"line":220,"column":8},"end":{"line":220,"column":8}},{"start":{"line":220,"column":8},"end":{"line":220,"column":8}}]},"20":{"line":221,"type":"if","locations":[{"start":{"line":221,"column":8},"end":{"line":221,"column":8}},{"start":{"line":221,"column":8},"end":{"line":221,"column":8}}]},"21":{"line":237,"type":"if","locations":[{"start":{"line":237,"column":8},"end":{"line":237,"column":8}},{"start":{"line":237,"column":8},"end":{"line":237,"column":8}}]},"22":{"line":240,"type":"if","locations":[{"start":{"line":240,"column":8},"end":{"line":240,"column":8}},{"start":{"line":240,"column":8},"end":{"line":240,"column":8}}]},"23":{"line":250,"type":"if","locations":[{"start":{"line":250,"column":8},"end":{"line":250,"column":8}},{"start":{"line":250,"column":8},"end":{"line":250,"column":8}}]},"24":{"line":251,"type":"if","locations":[{"start":{"line":251,"column":8},"end":{"line":251,"column":8}},{"start":{"line":251,"column":8},"end":{"line":251,"column":8}}]},"25":{"line":260,"type":"if","locations":[{"start":{"line":260,"column":8},"end":{"line":260,"column":8}},{"start":{"line":260,"column":8},"end":{"line":260,"column":8}}]},"26":{"line":261,"type":"if","locations":[{"start":{"line":261,"column":8},"end":{"line":261,"column":8}},{"start":{"line":261,"column":8},"end":{"line":261,"column":8}}]},"27":{"line":262,"type":"if","locations":[{"start":{"line":262,"column":8},"end":{"line":262,"column":8}},{"start":{"line":262,"column":8},"end":{"line":262,"column":8}}]},"28":{"line":272,"type":"if","locations":[{"start":{"line":272,"column":8},"end":{"line":272,"column":8}},{"start":{"line":272,"column":8},"end":{"line":272,"column":8}}]},"29":{"line":279,"type":"if","locations":[{"start":{"line":279,"column":8},"end":{"line":279,"column":8}},{"start":{"line":279,"column":8},"end":{"line":279,"column":8}}]},"30":{"line":285,"type":"if","locations":[{"start":{"line":285,"column":12},"end":{"line":285,"column":12}},{"start":{"line":285,"column":12},"end":{"line":285,"column":12}}]},"31":{"line":289,"type":"if","locations":[{"start":{"line":289,"column":12},"end":{"line":289,"column":12}},{"start":{"line":289,"column":12},"end":{"line":289,"column":12}}]},"32":{"line":293,"type":"if","locations":[{"start":{"line":293,"column":12},"end":{"line":293,"column":12}},{"start":{"line":293,"column":12},"end":{"line":293,"column":12}}]},"33":{"line":304,"type":"if","locations":[{"start":{"line":304,"column":46},"end":{"line":304,"column":73}},{"start":{"line":304,"column":77},"end":{"line":304,"column":77}}]},"34":{"line":310,"type":"if","locations":[{"start":{"line":310,"column":8},"end":{"line":310,"column":8}},{"start":{"line":310,"column":8},"end":{"line":310,"column":8}}]},"35":{"line":319,"type":"if","locations":[{"start":{"line":319,"column":8},"end":{"line":319,"column":8}},{"start":{"line":319,"column":8},"end":{"line":319,"column":8}}]},"36":{"line":324,"type":"if","locations":[{"start":{"line":324,"column":67},"end":{"line":324,"column":75}},{"start":{"line":324,"column":79},"end":{"line":324,"column":92}}]},"37":{"line":325,"type":"if","locations":[{"start":{"line":325,"column":67},"end":{"line":325,"column":73}},{"start":{"line":325,"column":77},"end":{"line":325,"column":91}}]},"38":{"line":327,"type":"if","locations":[{"start":{"line":327,"column":8},"end":{"line":327,"column":8}},{"start":{"line":327,"column":8},"end":{"line":327,"column":8}}]},"39":{"line":339,"type":"if","locations":[{"start":{"line":339,"column":8},"end":{"line":339,"column":8}},{"start":{"line":339,"column":8},"end":{"line":339,"column":8}}]},"40":{"line":345,"type":"if","locations":[{"start":{"line":345,"column":8},"end":{"line":345,"column":8}},{"start":{"line":345,"column":8},"end":{"line":345,"column":8}}]},"41":{"line":347,"type":"if","locations":[{"start":{"line":347,"column":15},"end":{"line":347,"column":15}},{"start":{"line":347,"column":15},"end":{"line":347,"column":15}}]},"42":{"line":424,"type":"if","locations":[{"start":{"line":424,"column":8},"end":{"line":424,"column":8}},{"start":{"line":424,"column":8},"end":{"line":424,"column":8}}]},"43":{"line":426,"type":"if","locations":[{"start":{"line":426,"column":8},"end":{"line":426,"column":8}},{"start":{"line":426,"column":8},"end":{"line":426,"column":8}}]}}}}