{"contracts/myCoin.sol":{"l":{"9":92,"13":93,"17":93},"path":"/home/spericorn/Ajay/Staking Contract_Ethereum/contracts/myCoin.sol","s":{"1":92,"2":93,"3":93},"b":{"1":[93,1]},"f":{"1":92,"2":93,"3":93},"fnMap":{"1":{"name":"constructor","line":8,"loc":{"start":{"line":8,"column":4},"end":{"line":10,"column":4}}},"2":{"name":"mintCoins","line":12,"loc":{"start":{"line":12,"column":4},"end":{"line":14,"column":4}}},"3":{"name":"decimals","line":16,"loc":{"start":{"line":16,"column":4},"end":{"line":18,"column":4}}}},"statementMap":{"1":{"start":{"line":9,"column":8},"end":{"line":9,"column":52}},"2":{"start":{"line":13,"column":8},"end":{"line":13,"column":32}},"3":{"start":{"line":17,"column":8},"end":{"line":17,"column":16}}},"branchMap":{"1":{"line":12,"type":"if","locations":[{"start":{"line":12,"column":48},"end":{"line":12,"column":48}},{"start":{"line":12,"column":48},"end":{"line":12,"column":48}}]}}},"contracts/roles.sol":{"l":{"21":98,"23":98,"24":3,"27":95,"35":3,"38":92,"39":92,"40":92,"45":5,"46":4,"51":4,"52":3,"57":4,"58":3,"63":5,"64":4,"68":4,"69":3,"70":1,"72":2,"73":2,"75":2,"79":4,"80":3,"81":1,"83":2,"84":2,"86":2,"90":3,"91":2,"92":1,"94":1,"95":1,"97":1,"101":3,"102":2,"104":1,"106":1,"107":1,"109":1,"113":19,"117":16,"121":8,"125":79},"path":"/home/spericorn/Ajay/Staking Contract_Ethereum/contracts/roles.sol","s":{"1":98,"2":95,"3":5,"4":4,"5":4,"6":5,"7":4,"8":3,"9":2,"10":2,"11":4,"12":3,"13":2,"14":2,"15":3,"16":2,"17":1,"18":1,"19":3,"20":2,"21":1,"22":1,"23":19,"24":16,"25":8,"26":79},"b":{"1":[3,95],"2":[1,1],"3":[1,1],"4":[3,92],"5":[1,0],"6":[0,0],"7":[0,0],"8":[0,1],"9":[1,1],"10":[1,4],"11":[1,3],"12":[1,3],"13":[1,4],"14":[4,1],"15":[1,3],"16":[1,2],"17":[1,0],"18":[0,0],"19":[4,1],"20":[1,3],"21":[1,2],"22":[0,0],"23":[0,1],"24":[3,1],"25":[1,2],"26":[1,1],"27":[1,0],"28":[0,0],"29":[3,1],"30":[1,2],"31":[1,1],"32":[1,0],"33":[0,0]},"f":{"1":98,"2":5,"3":4,"4":4,"5":5,"6":4,"7":4,"8":3,"9":3,"10":19,"11":16,"12":8,"13":79},"fnMap":{"1":{"name":"constructor","line":19,"loc":{"start":{"line":19,"column":4},"end":{"line":41,"column":4}}},"2":{"name":"OnlyPoolAdmin","line":43,"loc":{"start":{"line":43,"column":4},"end":{"line":47,"column":4}}},"3":{"name":"OnlyFeeCollector","line":49,"loc":{"start":{"line":49,"column":4},"end":{"line":53,"column":4}}},"4":{"name":"OnlyRewardManager","line":55,"loc":{"start":{"line":55,"column":4},"end":{"line":59,"column":4}}},"5":{"name":"OnlyFeeManager","line":61,"loc":{"start":{"line":61,"column":4},"end":{"line":65,"column":4}}},"6":{"name":"UpdatePoolAdmin","line":67,"loc":{"start":{"line":67,"column":4},"end":{"line":76,"column":4}}},"7":{"name":"UpdateFeeManager","line":78,"loc":{"start":{"line":78,"column":4},"end":{"line":87,"column":4}}},"8":{"name":"UpdateFeeCollector","line":89,"loc":{"start":{"line":89,"column":4},"end":{"line":98,"column":4}}},"9":{"name":"UpdateRewardManager","line":100,"loc":{"start":{"line":100,"column":4},"end":{"line":110,"column":4}}},"10":{"name":"isPoolAdmin","line":112,"loc":{"start":{"line":112,"column":4},"end":{"line":114,"column":4}}},"11":{"name":"isFeeManager","line":116,"loc":{"start":{"line":116,"column":4},"end":{"line":118,"column":4}}},"12":{"name":"isFeeCollector","line":120,"loc":{"start":{"line":120,"column":4},"end":{"line":122,"column":4}}},"13":{"name":"isRewardManager","line":124,"loc":{"start":{"line":124,"column":4},"end":{"line":126,"column":4}}}},"statementMap":{"1":{"start":{"line":23,"column":8},"end":{"line":23,"column":612}},"2":{"start":{"line":27,"column":8},"end":{"line":27,"column":771}},"3":{"start":{"line":45,"column":8},"end":{"line":45,"column":58}},"4":{"start":{"line":51,"column":8},"end":{"line":51,"column":61}},"5":{"start":{"line":57,"column":8},"end":{"line":57,"column":62}},"6":{"start":{"line":63,"column":8},"end":{"line":63,"column":59}},"7":{"start":{"line":68,"column":8},"end":{"line":68,"column":58}},"8":{"start":{"line":69,"column":8},"end":{"line":69,"column":1839}},"9":{"start":{"line":72,"column":8},"end":{"line":72,"column":36}},"10":{"start":{"line":75,"column":8},"end":{"line":75,"column":58}},"11":{"start":{"line":79,"column":8},"end":{"line":79,"column":63}},"12":{"start":{"line":80,"column":8},"end":{"line":80,"column":2259}},"13":{"start":{"line":83,"column":8},"end":{"line":83,"column":42}},"14":{"start":{"line":86,"column":8},"end":{"line":86,"column":69}},"15":{"start":{"line":90,"column":8},"end":{"line":90,"column":65}},"16":{"start":{"line":91,"column":8},"end":{"line":91,"column":2724}},"17":{"start":{"line":94,"column":8},"end":{"line":94,"column":46}},"18":{"start":{"line":97,"column":8},"end":{"line":97,"column":75}},"19":{"start":{"line":101,"column":8},"end":{"line":101,"column":66}},"20":{"start":{"line":102,"column":8},"end":{"line":102,"column":3213}},"21":{"start":{"line":106,"column":8},"end":{"line":106,"column":48}},"22":{"start":{"line":109,"column":8},"end":{"line":109,"column":78}},"23":{"start":{"line":113,"column":8},"end":{"line":113,"column":35}},"24":{"start":{"line":117,"column":8},"end":{"line":117,"column":36}},"25":{"start":{"line":121,"column":8},"end":{"line":121,"column":38}},"26":{"start":{"line":125,"column":8},"end":{"line":125,"column":39}}},"branchMap":{"1":{"line":23,"type":"if","locations":[{"start":{"line":23,"column":8},"end":{"line":23,"column":8}},{"start":{"line":23,"column":8},"end":{"line":23,"column":8}}]},"2":{"line":23,"type":"cond-expr","locations":[{"start":{"line":23,"column":11},"end":{"line":23,"column":35}},{"start":{"line":23,"column":40},"end":{"line":23,"column":67}}]},"3":{"line":23,"type":"cond-expr","locations":[{"start":{"line":23,"column":11},"end":{"line":23,"column":67}},{"start":{"line":23,"column":72},"end":{"line":23,"column":98}}]},"4":{"line":27,"type":"if","locations":[{"start":{"line":27,"column":8},"end":{"line":27,"column":8}},{"start":{"line":27,"column":8},"end":{"line":27,"column":8}}]},"5":{"line":28,"type":"cond-expr","locations":[{"start":{"line":28,"column":12},"end":{"line":28,"column":35}},{"start":{"line":29,"column":12},"end":{"line":29,"column":37}}]},"6":{"line":28,"type":"cond-expr","locations":[{"start":{"line":28,"column":12},"end":{"line":29,"column":37}},{"start":{"line":30,"column":12},"end":{"line":30,"column":38}}]},"7":{"line":28,"type":"cond-expr","locations":[{"start":{"line":28,"column":12},"end":{"line":30,"column":38}},{"start":{"line":31,"column":12},"end":{"line":31,"column":39}}]},"8":{"line":28,"type":"cond-expr","locations":[{"start":{"line":28,"column":12},"end":{"line":31,"column":39}},{"start":{"line":32,"column":12},"end":{"line":32,"column":40}}]},"9":{"line":28,"type":"cond-expr","locations":[{"start":{"line":28,"column":12},"end":{"line":32,"column":40}},{"start":{"line":33,"column":12},"end":{"line":33,"column":42}}]},"10":{"line":45,"type":"if","locations":[{"start":{"line":45,"column":8},"end":{"line":45,"column":8}},{"start":{"line":45,"column":8},"end":{"line":45,"column":8}}]},"11":{"line":51,"type":"if","locations":[{"start":{"line":51,"column":8},"end":{"line":51,"column":8}},{"start":{"line":51,"column":8},"end":{"line":51,"column":8}}]},"12":{"line":57,"type":"if","locations":[{"start":{"line":57,"column":8},"end":{"line":57,"column":8}},{"start":{"line":57,"column":8},"end":{"line":57,"column":8}}]},"13":{"line":63,"type":"if","locations":[{"start":{"line":63,"column":8},"end":{"line":63,"column":8}},{"start":{"line":63,"column":8},"end":{"line":63,"column":8}}]},"14":{"line":67,"type":"if","locations":[{"start":{"line":67,"column":56},"end":{"line":67,"column":56}},{"start":{"line":67,"column":56},"end":{"line":67,"column":56}}]},"15":{"line":68,"type":"if","locations":[{"start":{"line":68,"column":8},"end":{"line":68,"column":8}},{"start":{"line":68,"column":8},"end":{"line":68,"column":8}}]},"16":{"line":69,"type":"if","locations":[{"start":{"line":69,"column":8},"end":{"line":69,"column":8}},{"start":{"line":69,"column":8},"end":{"line":69,"column":8}}]},"17":{"line":69,"type":"cond-expr","locations":[{"start":{"line":69,"column":11},"end":{"line":69,"column":32}},{"start":{"line":69,"column":37},"end":{"line":69,"column":60}}]},"18":{"line":69,"type":"cond-expr","locations":[{"start":{"line":69,"column":11},"end":{"line":69,"column":60}},{"start":{"line":69,"column":65},"end":{"line":69,"column":89}}]},"19":{"line":78,"type":"if","locations":[{"start":{"line":78,"column":62},"end":{"line":78,"column":62}},{"start":{"line":78,"column":62},"end":{"line":78,"column":62}}]},"20":{"line":79,"type":"if","locations":[{"start":{"line":79,"column":8},"end":{"line":79,"column":8}},{"start":{"line":79,"column":8},"end":{"line":79,"column":8}}]},"21":{"line":80,"type":"if","locations":[{"start":{"line":80,"column":8},"end":{"line":80,"column":8}},{"start":{"line":80,"column":8},"end":{"line":80,"column":8}}]},"22":{"line":80,"type":"cond-expr","locations":[{"start":{"line":80,"column":11},"end":{"line":80,"column":37}},{"start":{"line":80,"column":42},"end":{"line":80,"column":70}}]},"23":{"line":80,"type":"cond-expr","locations":[{"start":{"line":80,"column":11},"end":{"line":80,"column":70}},{"start":{"line":80,"column":75},"end":{"line":80,"column":104}}]},"24":{"line":89,"type":"if","locations":[{"start":{"line":89,"column":66},"end":{"line":89,"column":66}},{"start":{"line":89,"column":66},"end":{"line":89,"column":66}}]},"25":{"line":90,"type":"if","locations":[{"start":{"line":90,"column":8},"end":{"line":90,"column":8}},{"start":{"line":90,"column":8},"end":{"line":90,"column":8}}]},"26":{"line":91,"type":"if","locations":[{"start":{"line":91,"column":8},"end":{"line":91,"column":8}},{"start":{"line":91,"column":8},"end":{"line":91,"column":8}}]},"27":{"line":91,"type":"cond-expr","locations":[{"start":{"line":91,"column":11},"end":{"line":91,"column":41}},{"start":{"line":91,"column":46},"end":{"line":91,"column":74}}]},"28":{"line":91,"type":"cond-expr","locations":[{"start":{"line":91,"column":11},"end":{"line":91,"column":74}},{"start":{"line":91,"column":79},"end":{"line":91,"column":110}}]},"29":{"line":100,"type":"if","locations":[{"start":{"line":100,"column":68},"end":{"line":100,"column":68}},{"start":{"line":100,"column":68},"end":{"line":100,"column":68}}]},"30":{"line":101,"type":"if","locations":[{"start":{"line":101,"column":8},"end":{"line":101,"column":8}},{"start":{"line":101,"column":8},"end":{"line":101,"column":8}}]},"31":{"line":102,"type":"if","locations":[{"start":{"line":102,"column":8},"end":{"line":102,"column":8}},{"start":{"line":102,"column":8},"end":{"line":102,"column":8}}]},"32":{"line":102,"type":"cond-expr","locations":[{"start":{"line":102,"column":11},"end":{"line":102,"column":43}},{"start":{"line":102,"column":48},"end":{"line":102,"column":79}}]},"33":{"line":102,"type":"cond-expr","locations":[{"start":{"line":102,"column":11},"end":{"line":102,"column":79}},{"start":{"line":102,"column":84},"end":{"line":103,"column":21}}]}}},"contracts/staking.sol":{"l":{"91":102,"92":102,"94":102,"108":102,"112":86,"113":84,"114":82,"116":81,"118":81,"120":81,"121":81,"123":81,"124":71,"126":70,"127":70,"128":70,"129":70,"131":10,"133":10,"134":10,"136":9,"137":9,"138":9,"141":79,"143":79,"145":79,"149":39,"150":39,"152":38,"154":35,"156":35,"157":35,"159":35,"160":35,"162":35,"164":35,"166":35,"168":35,"172":13,"173":13,"175":12,"177":12,"178":12,"180":12,"181":12,"183":12,"185":12,"191":4,"192":3,"194":2,"196":2,"197":2,"199":1,"200":1,"201":1,"202":1,"203":1,"205":1,"219":10,"221":9,"222":8,"224":7,"225":7,"226":7,"228":7,"238":5,"240":4,"241":4,"243":3,"245":3,"247":3,"251":72,"252":71,"254":70,"255":70,"257":70,"261":4,"262":3,"263":2,"265":1,"266":1,"268":1,"272":95,"273":95,"274":5,"277":90,"280":90,"281":26,"282":26,"283":26,"286":26,"287":0,"290":26,"291":4,"294":26,"295":26,"296":26,"297":26,"298":26,"302":90,"305":90,"311":128,"312":49,"313":49,"316":79,"317":79,"320":79,"321":0,"322":0,"325":79,"326":79,"328":79,"329":77,"330":77,"331":77,"333":77,"336":79,"340":35,"341":9,"344":26,"346":26,"347":2,"349":0,"351":24,"363":14,"364":14,"380":5,"395":3,"408":16,"417":19,"421":81,"425":9,"426":7,"427":7,"429":6},"path":"/home/spericorn/Ajay/Staking Contract_Ethereum/contracts/staking.sol","s":{"1":86,"2":84,"3":82,"4":81,"5":81,"6":81,"7":81,"8":81,"9":71,"10":10,"11":10,"12":10,"13":79,"14":79,"15":39,"16":39,"17":38,"18":35,"19":35,"20":35,"21":35,"22":35,"23":35,"24":13,"25":13,"26":12,"27":12,"28":12,"29":12,"30":12,"31":4,"32":3,"33":2,"34":2,"35":2,"36":1,"37":10,"38":9,"39":8,"40":7,"41":5,"42":4,"43":4,"44":3,"45":3,"46":72,"47":71,"48":70,"49":70,"50":4,"51":3,"52":2,"53":1,"54":1,"55":95,"56":95,"57":5,"58":90,"59":90,"60":26,"61":26,"62":26,"63":26,"64":26,"65":26,"66":26,"67":26,"68":90,"69":90,"70":128,"71":49,"72":79,"73":79,"74":79,"75":0,"76":79,"77":79,"78":79,"79":77,"80":77,"81":77,"82":35,"83":9,"84":26,"85":26,"86":2,"87":24,"88":0,"89":24,"90":14,"91":14,"92":5,"93":3,"94":16,"95":19,"96":81,"97":9,"98":7,"99":7},"b":{"1":[86,0],"2":[2,84],"3":[2,82],"4":[1,81],"5":[0,81],"6":[71,10],"7":[1,70],"8":[1,9],"9":[39,0],"10":[1,38],"11":[3,35],"12":[13,0],"13":[1,12],"14":[0,12],"15":[1,3],"16":[1,2],"17":[1,1],"18":[1,9],"19":[1,8],"20":[1,7],"21":[1,4],"22":[1,3],"23":[1,71],"24":[1,70],"25":[1,3],"26":[1,2],"27":[1,1],"28":[5,90],"29":[26,64],"30":[0,26],"31":[4,22],"32":[26,0],"33":[85,5],"34":[49,79],"35":[0,79],"36":[0,79],"37":[9,70],"38":[77,2],"39":[9,26],"40":[2,24],"41":[0,24],"42":[2,7],"43":[1,6]},"f":{"1":102,"2":86,"3":39,"4":13,"5":4,"6":10,"7":5,"8":72,"9":4,"10":95,"11":128,"12":35,"13":14,"14":5,"15":3,"16":16,"17":19,"18":81,"19":9},"fnMap":{"1":{"name":"constructor","line":78,"loc":{"start":{"line":78,"column":4},"end":{"line":109,"column":4}}},"2":{"name":"stake","line":111,"loc":{"start":{"line":111,"column":4},"end":{"line":146,"column":4}}},"3":{"name":"unstake","line":148,"loc":{"start":{"line":148,"column":4},"end":{"line":169,"column":4}}},"4":{"name":"claimRewards","line":171,"loc":{"start":{"line":171,"column":4},"end":{"line":186,"column":4}}},"5":{"name":"updatePoolConfig","line":188,"loc":{"start":{"line":188,"column":4},"end":{"line":212,"column":4}}},"6":{"name":"updateFeeConfig","line":214,"loc":{"start":{"line":214,"column":4},"end":{"line":235,"column":4}}},"7":{"name":"collectFees","line":237,"loc":{"start":{"line":237,"column":4},"end":{"line":248,"column":4}}},"8":{"name":"lockRewards","line":250,"loc":{"start":{"line":250,"column":4},"end":{"line":258,"column":4}}},"9":{"name":"unlockRewards","line":260,"loc":{"start":{"line":260,"column":4},"end":{"line":269,"column":4}}},"10":{"name":"calculatePendingRewards","line":271,"loc":{"start":{"line":271,"column":4},"end":{"line":306,"column":4}}},"11":{"name":"updatePoolRewards","line":310,"loc":{"start":{"line":310,"column":4},"end":{"line":337,"column":4}}},"12":{"name":"calculateUnstakeFee","line":339,"loc":{"start":{"line":339,"column":4},"end":{"line":353,"column":4}}},"13":{"name":"getUserInfo","line":357,"loc":{"start":{"line":357,"column":4},"end":{"line":370,"column":4}}},"14":{"name":"getPoolConfig","line":372,"loc":{"start":{"line":372,"column":4},"end":{"line":388,"column":4}}},"15":{"name":"getFeeConfig","line":390,"loc":{"start":{"line":390,"column":4},"end":{"line":400,"column":4}}},"16":{"name":"getPoolStats","line":402,"loc":{"start":{"line":402,"column":4},"end":{"line":414,"column":4}}},"17":{"name":"getCollectedFees","line":416,"loc":{"start":{"line":416,"column":4},"end":{"line":418,"column":4}}},"18":{"name":"isPoolActive","line":420,"loc":{"start":{"line":420,"column":4},"end":{"line":422,"column":4}}},"19":{"name":"setLockPeriod","line":424,"loc":{"start":{"line":424,"column":4},"end":{"line":430,"column":4}}}},"statementMap":{"1":{"start":{"line":112,"column":8},"end":{"line":112,"column":74}},"2":{"start":{"line":113,"column":8},"end":{"line":113,"column":68}},"3":{"start":{"line":114,"column":8},"end":{"line":114,"column":67}},"4":{"start":{"line":116,"column":8},"end":{"line":116,"column":26}},"5":{"start":{"line":118,"column":8},"end":{"line":118,"column":50}},"6":{"start":{"line":120,"column":8},"end":{"line":120,"column":47}},"7":{"start":{"line":121,"column":8},"end":{"line":121,"column":65}},"8":{"start":{"line":123,"column":8},"end":{"line":123,"column":3964}},"9":{"start":{"line":124,"column":12},"end":{"line":124,"column":74}},"10":{"start":{"line":131,"column":12},"end":{"line":131,"column":71}},"11":{"start":{"line":133,"column":12},"end":{"line":133,"column":57}},"12":{"start":{"line":134,"column":12},"end":{"line":134,"column":75}},"13":{"start":{"line":143,"column":8},"end":{"line":143,"column":71}},"14":{"start":{"line":145,"column":8},"end":{"line":145,"column":56}},"15":{"start":{"line":149,"column":8},"end":{"line":149,"column":50}},"16":{"start":{"line":150,"column":8},"end":{"line":150,"column":57}},"17":{"start":{"line":152,"column":8},"end":{"line":152,"column":92}},"18":{"start":{"line":154,"column":8},"end":{"line":154,"column":26}},"19":{"start":{"line":156,"column":8},"end":{"line":156,"column":67}},"20":{"start":{"line":157,"column":8},"end":{"line":157,"column":77}},"21":{"start":{"line":162,"column":8},"end":{"line":162,"column":72}},"22":{"start":{"line":166,"column":8},"end":{"line":166,"column":60}},"23":{"start":{"line":168,"column":8},"end":{"line":168,"column":86}},"24":{"start":{"line":172,"column":8},"end":{"line":172,"column":50}},"25":{"start":{"line":173,"column":8},"end":{"line":173,"column":56}},"26":{"start":{"line":175,"column":8},"end":{"line":175,"column":26}},"27":{"start":{"line":177,"column":8},"end":{"line":177,"column":67}},"28":{"start":{"line":178,"column":8},"end":{"line":178,"column":56}},"29":{"start":{"line":183,"column":8},"end":{"line":183,"column":59}},"30":{"start":{"line":185,"column":8},"end":{"line":185,"column":70}},"31":{"start":{"line":191,"column":8},"end":{"line":191,"column":65}},"32":{"start":{"line":192,"column":8},"end":{"line":192,"column":79}},"33":{"start":{"line":194,"column":8},"end":{"line":194,"column":55}},"34":{"start":{"line":196,"column":8},"end":{"line":196,"column":67}},"35":{"start":{"line":197,"column":8},"end":{"line":197,"column":76}},"36":{"start":{"line":205,"column":8},"end":{"line":205,"column":7041}},"37":{"start":{"line":219,"column":8},"end":{"line":219,"column":67}},"38":{"start":{"line":221,"column":8},"end":{"line":221,"column":74}},"39":{"start":{"line":222,"column":8},"end":{"line":222,"column":67}},"40":{"start":{"line":228,"column":8},"end":{"line":228,"column":7802}},"41":{"start":{"line":238,"column":8},"end":{"line":238,"column":69}},"42":{"start":{"line":240,"column":8},"end":{"line":240,"column":41}},"43":{"start":{"line":241,"column":8},"end":{"line":241,"column":51}},"44":{"start":{"line":245,"column":8},"end":{"line":245,"column":55}},"45":{"start":{"line":247,"column":8},"end":{"line":247,"column":65}},"46":{"start":{"line":251,"column":8},"end":{"line":251,"column":70}},"47":{"start":{"line":252,"column":8},"end":{"line":252,"column":54}},"48":{"start":{"line":255,"column":8},"end":{"line":255,"column":71}},"49":{"start":{"line":257,"column":8},"end":{"line":257,"column":63}},"50":{"start":{"line":261,"column":8},"end":{"line":261,"column":70}},"51":{"start":{"line":262,"column":8},"end":{"line":262,"column":54}},"52":{"start":{"line":263,"column":8},"end":{"line":263,"column":67}},"53":{"start":{"line":266,"column":8},"end":{"line":266,"column":52}},"54":{"start":{"line":268,"column":8},"end":{"line":268,"column":65}},"55":{"start":{"line":272,"column":8},"end":{"line":272,"column":48}},"56":{"start":{"line":273,"column":8},"end":{"line":273,"column":9328}},"57":{"start":{"line":274,"column":12},"end":{"line":274,"column":20}},"58":{"start":{"line":277,"column":8},"end":{"line":277,"column":63}},"59":{"start":{"line":280,"column":8},"end":{"line":280,"column":9603}},"60":{"start":{"line":281,"column":12},"end":{"line":281,"column":31}},"61":{"start":{"line":282,"column":12},"end":{"line":282,"column":58}},"62":{"start":{"line":283,"column":12},"end":{"line":283,"column":56}},"63":{"start":{"line":286,"column":12},"end":{"line":286,"column":9917}},"64":{"start":{"line":290,"column":12},"end":{"line":290,"column":10066}},"65":{"start":{"line":294,"column":12},"end":{"line":294,"column":10213}},"66":{"start":{"line":296,"column":16},"end":{"line":296,"column":85}},"67":{"start":{"line":297,"column":16},"end":{"line":297,"column":104}},"68":{"start":{"line":302,"column":8},"end":{"line":302,"column":88}},"69":{"start":{"line":305,"column":8},"end":{"line":305,"column":78}},"70":{"start":{"line":311,"column":8},"end":{"line":311,"column":10873}},"71":{"start":{"line":313,"column":12},"end":{"line":313,"column":18}},"72":{"start":{"line":316,"column":8},"end":{"line":316,"column":48}},"73":{"start":{"line":317,"column":8},"end":{"line":317,"column":44}},"74":{"start":{"line":320,"column":8},"end":{"line":320,"column":11136}},"75":{"start":{"line":322,"column":12},"end":{"line":322,"column":18}},"76":{"start":{"line":325,"column":8},"end":{"line":325,"column":93}},"77":{"start":{"line":326,"column":8},"end":{"line":326,"column":92}},"78":{"start":{"line":328,"column":8},"end":{"line":328,"column":11462}},"79":{"start":{"line":329,"column":12},"end":{"line":329,"column":75}},"80":{"start":{"line":330,"column":12},"end":{"line":330,"column":75}},"81":{"start":{"line":331,"column":12},"end":{"line":331,"column":84}},"82":{"start":{"line":340,"column":8},"end":{"line":340,"column":12008}},"83":{"start":{"line":341,"column":12},"end":{"line":341,"column":20}},"84":{"start":{"line":344,"column":8},"end":{"line":344,"column":103}},"85":{"start":{"line":346,"column":8},"end":{"line":346,"column":12212}},"86":{"start":{"line":347,"column":12},"end":{"line":347,"column":50}},"87":{"start":{"line":348,"column":15},"end":{"line":348,"column":12328}},"88":{"start":{"line":349,"column":12},"end":{"line":349,"column":50}},"89":{"start":{"line":351,"column":12},"end":{"line":351,"column":26}},"90":{"start":{"line":363,"column":8},"end":{"line":363,"column":48}},"91":{"start":{"line":364,"column":8},"end":{"line":364,"column":12770}},"92":{"start":{"line":380,"column":8},"end":{"line":380,"column":13199}},"93":{"start":{"line":395,"column":8},"end":{"line":395,"column":13619}},"94":{"start":{"line":408,"column":8},"end":{"line":408,"column":14006}},"95":{"start":{"line":417,"column":8},"end":{"line":417,"column":28}},"96":{"start":{"line":421,"column":8},"end":{"line":421,"column":94}},"97":{"start":{"line":425,"column":8},"end":{"line":425,"column":66}},"98":{"start":{"line":426,"column":8},"end":{"line":426,"column":48}},"99":{"start":{"line":427,"column":8},"end":{"line":427,"column":61}}},"branchMap":{"1":{"line":111,"type":"if","locations":[{"start":{"line":111,"column":44},"end":{"line":111,"column":44}},{"start":{"line":111,"column":44},"end":{"line":111,"column":44}}]},"2":{"line":112,"type":"if","locations":[{"start":{"line":112,"column":8},"end":{"line":112,"column":8}},{"start":{"line":112,"column":8},"end":{"line":112,"column":8}}]},"3":{"line":113,"type":"if","locations":[{"start":{"line":113,"column":8},"end":{"line":113,"column":8}},{"start":{"line":113,"column":8},"end":{"line":113,"column":8}}]},"4":{"line":114,"type":"if","locations":[{"start":{"line":114,"column":8},"end":{"line":114,"column":8}},{"start":{"line":114,"column":8},"end":{"line":114,"column":8}}]},"5":{"line":121,"type":"if","locations":[{"start":{"line":121,"column":8},"end":{"line":121,"column":8}},{"start":{"line":121,"column":8},"end":{"line":121,"column":8}}]},"6":{"line":123,"type":"if","locations":[{"start":{"line":123,"column":8},"end":{"line":123,"column":8}},{"start":{"line":123,"column":8},"end":{"line":123,"column":8}}]},"7":{"line":124,"type":"if","locations":[{"start":{"line":124,"column":12},"end":{"line":124,"column":12}},{"start":{"line":124,"column":12},"end":{"line":124,"column":12}}]},"8":{"line":134,"type":"if","locations":[{"start":{"line":134,"column":12},"end":{"line":134,"column":12}},{"start":{"line":134,"column":12},"end":{"line":134,"column":12}}]},"9":{"line":148,"type":"if","locations":[{"start":{"line":148,"column":32},"end":{"line":148,"column":32}},{"start":{"line":148,"column":32},"end":{"line":148,"column":32}}]},"10":{"line":150,"type":"if","locations":[{"start":{"line":150,"column":8},"end":{"line":150,"column":8}},{"start":{"line":150,"column":8},"end":{"line":150,"column":8}}]},"11":{"line":152,"type":"if","locations":[{"start":{"line":152,"column":8},"end":{"line":152,"column":8}},{"start":{"line":152,"column":8},"end":{"line":152,"column":8}}]},"12":{"line":171,"type":"if","locations":[{"start":{"line":171,"column":37},"end":{"line":171,"column":37}},{"start":{"line":171,"column":37},"end":{"line":171,"column":37}}]},"13":{"line":173,"type":"if","locations":[{"start":{"line":173,"column":8},"end":{"line":173,"column":8}},{"start":{"line":173,"column":8},"end":{"line":173,"column":8}}]},"14":{"line":178,"type":"if","locations":[{"start":{"line":178,"column":8},"end":{"line":178,"column":8}},{"start":{"line":178,"column":8},"end":{"line":178,"column":8}}]},"15":{"line":191,"type":"if","locations":[{"start":{"line":191,"column":8},"end":{"line":191,"column":8}},{"start":{"line":191,"column":8},"end":{"line":191,"column":8}}]},"16":{"line":192,"type":"if","locations":[{"start":{"line":192,"column":8},"end":{"line":192,"column":8}},{"start":{"line":192,"column":8},"end":{"line":192,"column":8}}]},"17":{"line":197,"type":"if","locations":[{"start":{"line":197,"column":8},"end":{"line":197,"column":8}},{"start":{"line":197,"column":8},"end":{"line":197,"column":8}}]},"18":{"line":219,"type":"if","locations":[{"start":{"line":219,"column":8},"end":{"line":219,"column":8}},{"start":{"line":219,"column":8},"end":{"line":219,"column":8}}]},"19":{"line":221,"type":"if","locations":[{"start":{"line":221,"column":8},"end":{"line":221,"column":8}},{"start":{"line":221,"column":8},"end":{"line":221,"column":8}}]},"20":{"line":222,"type":"if","locations":[{"start":{"line":222,"column":8},"end":{"line":222,"column":8}},{"start":{"line":222,"column":8},"end":{"line":222,"column":8}}]},"21":{"line":238,"type":"if","locations":[{"start":{"line":238,"column":8},"end":{"line":238,"column":8}},{"start":{"line":238,"column":8},"end":{"line":238,"column":8}}]},"22":{"line":241,"type":"if","locations":[{"start":{"line":241,"column":8},"end":{"line":241,"column":8}},{"start":{"line":241,"column":8},"end":{"line":241,"column":8}}]},"23":{"line":251,"type":"if","locations":[{"start":{"line":251,"column":8},"end":{"line":251,"column":8}},{"start":{"line":251,"column":8},"end":{"line":251,"column":8}}]},"24":{"line":252,"type":"if","locations":[{"start":{"line":252,"column":8},"end":{"line":252,"column":8}},{"start":{"line":252,"column":8},"end":{"line":252,"column":8}}]},"25":{"line":261,"type":"if","locations":[{"start":{"line":261,"column":8},"end":{"line":261,"column":8}},{"start":{"line":261,"column":8},"end":{"line":261,"column":8}}]},"26":{"line":262,"type":"if","locations":[{"start":{"line":262,"column":8},"end":{"line":262,"column":8}},{"start":{"line":262,"column":8},"end":{"line":262,"column":8}}]},"27":{"line":263,"type":"if","locations":[{"start":{"line":263,"column":8},"end":{"line":263,"column":8}},{"start":{"line":263,"column":8},"end":{"line":263,"column":8}}]},"28":{"line":273,"type":"if","locations":[{"start":{"line":273,"column":8},"end":{"line":273,"column":8}},{"start":{"line":273,"column":8},"end":{"line":273,"column":8}}]},"29":{"line":280,"type":"if","locations":[{"start":{"line":280,"column":8},"end":{"line":280,"column":8}},{"start":{"line":280,"column":8},"end":{"line":280,"column":8}}]},"30":{"line":286,"type":"if","locations":[{"start":{"line":286,"column":12},"end":{"line":286,"column":12}},{"start":{"line":286,"column":12},"end":{"line":286,"column":12}}]},"31":{"line":290,"type":"if","locations":[{"start":{"line":290,"column":12},"end":{"line":290,"column":12}},{"start":{"line":290,"column":12},"end":{"line":290,"column":12}}]},"32":{"line":294,"type":"if","locations":[{"start":{"line":294,"column":12},"end":{"line":294,"column":12}},{"start":{"line":294,"column":12},"end":{"line":294,"column":12}}]},"33":{"line":305,"type":"if","locations":[{"start":{"line":305,"column":46},"end":{"line":305,"column":73}},{"start":{"line":305,"column":77},"end":{"line":305,"column":77}}]},"34":{"line":311,"type":"if","locations":[{"start":{"line":311,"column":8},"end":{"line":311,"column":8}},{"start":{"line":311,"column":8},"end":{"line":311,"column":8}}]},"35":{"line":320,"type":"if","locations":[{"start":{"line":320,"column":8},"end":{"line":320,"column":8}},{"start":{"line":320,"column":8},"end":{"line":320,"column":8}}]},"36":{"line":325,"type":"if","locations":[{"start":{"line":325,"column":67},"end":{"line":325,"column":75}},{"start":{"line":325,"column":79},"end":{"line":325,"column":92}}]},"37":{"line":326,"type":"if","locations":[{"start":{"line":326,"column":67},"end":{"line":326,"column":73}},{"start":{"line":326,"column":77},"end":{"line":326,"column":91}}]},"38":{"line":328,"type":"if","locations":[{"start":{"line":328,"column":8},"end":{"line":328,"column":8}},{"start":{"line":328,"column":8},"end":{"line":328,"column":8}}]},"39":{"line":340,"type":"if","locations":[{"start":{"line":340,"column":8},"end":{"line":340,"column":8}},{"start":{"line":340,"column":8},"end":{"line":340,"column":8}}]},"40":{"line":346,"type":"if","locations":[{"start":{"line":346,"column":8},"end":{"line":346,"column":8}},{"start":{"line":346,"column":8},"end":{"line":346,"column":8}}]},"41":{"line":348,"type":"if","locations":[{"start":{"line":348,"column":15},"end":{"line":348,"column":15}},{"start":{"line":348,"column":15},"end":{"line":348,"column":15}}]},"42":{"line":425,"type":"if","locations":[{"start":{"line":425,"column":8},"end":{"line":425,"column":8}},{"start":{"line":425,"column":8},"end":{"line":425,"column":8}}]},"43":{"line":427,"type":"if","locations":[{"start":{"line":427,"column":8},"end":{"line":427,"column":8}},{"start":{"line":427,"column":8},"end":{"line":427,"column":8}}]}}}}