TN:
SF:/home/spericorn/Ajay/Staking Contract_Ethereum/contracts/myCoin.sol
FN:8,constructor
FN:12,mintCoins
FN:16,decimals
FNF:3
FNH:3
FNDA:85,constructor
FNDA:86,mintCoins
FNDA:86,decimals
DA:9,85
DA:13,86
DA:17,86
LF:3
LH:3
BRDA:12,1,0,86
BRDA:12,1,1,1
BRF:2
BRH:2
end_of_record
TN:
SF:/home/spericorn/Ajay/Staking Contract_Ethereum/contracts/roles.sol
FN:19,constructor
FN:43,OnlyPoolAdmin
FN:49,OnlyFeeCollector
FN:55,OnlyRewardManager
FN:61,OnlyFeeManager
FN:67,UpdatePoolAdmin
FN:78,UpdateFeeManager
FN:89,UpdateFeeCollector
FN:100,UpdateRewardManager
FN:112,isPoolAdmin
FN:116,isFeeManager
FN:120,isFeeCollector
FN:124,isRewardManager
FNF:13
FNH:13
FNDA:91,constructor
FNDA:4,OnlyPoolAdmin
FNDA:4,OnlyFeeCollector
FNDA:4,OnlyRewardManager
FNDA:4,OnlyFeeManager
FNDA:3,UpdatePoolAdmin
FNDA:3,UpdateFeeManager
FNDA:3,UpdateFeeCollector
FNDA:3,UpdateRewardManager
FNDA:14,isPoolAdmin
FNDA:10,isFeeManager
FNDA:8,isFeeCollector
FNDA:70,isRewardManager
DA:21,91
DA:23,91
DA:24,3
DA:27,88
DA:35,3
DA:38,85
DA:39,85
DA:40,85
DA:45,4
DA:46,3
DA:51,4
DA:52,3
DA:57,4
DA:58,3
DA:63,4
DA:64,3
DA:68,3
DA:69,2
DA:70,1
DA:72,1
DA:73,1
DA:75,1
DA:79,3
DA:80,2
DA:81,1
DA:83,1
DA:84,1
DA:86,1
DA:90,3
DA:91,2
DA:92,1
DA:94,1
DA:95,1
DA:97,1
DA:101,3
DA:102,2
DA:104,1
DA:106,1
DA:107,1
DA:109,1
DA:113,14
DA:117,10
DA:121,8
DA:125,70
LF:44
LH:44
BRDA:23,1,0,3
BRDA:23,1,1,88
BRDA:23,2,0,1
BRDA:23,2,1,1
BRDA:23,3,0,1
BRDA:23,3,1,1
BRDA:27,4,0,3
BRDA:27,4,1,85
BRDA:28,5,0,1
BRDA:28,5,1,0
BRDA:28,6,0,0
BRDA:28,6,1,0
BRDA:28,7,0,0
BRDA:28,7,1,0
BRDA:28,8,0,0
BRDA:28,8,1,1
BRDA:28,9,0,1
BRDA:28,9,1,1
BRDA:45,10,0,1
BRDA:45,10,1,3
BRDA:51,11,0,1
BRDA:51,11,1,3
BRDA:57,12,0,1
BRDA:57,12,1,3
BRDA:63,13,0,1
BRDA:63,13,1,3
BRDA:67,14,0,3
BRDA:67,14,1,1
BRDA:68,15,0,1
BRDA:68,15,1,2
BRDA:69,16,0,1
BRDA:69,16,1,1
BRDA:69,17,0,1
BRDA:69,17,1,0
BRDA:69,18,0,0
BRDA:69,18,1,0
BRDA:78,19,0,3
BRDA:78,19,1,1
BRDA:79,20,0,1
BRDA:79,20,1,2
BRDA:80,21,0,1
BRDA:80,21,1,1
BRDA:80,22,0,0
BRDA:80,22,1,0
BRDA:80,23,0,0
BRDA:80,23,1,1
BRDA:89,24,0,3
BRDA:89,24,1,1
BRDA:90,25,0,1
BRDA:90,25,1,2
BRDA:91,26,0,1
BRDA:91,26,1,1
BRDA:91,27,0,1
BRDA:91,27,1,0
BRDA:91,28,0,0
BRDA:91,28,1,0
BRDA:100,29,0,3
BRDA:100,29,1,1
BRDA:101,30,0,1
BRDA:101,30,1,2
BRDA:102,31,0,1
BRDA:102,31,1,1
BRDA:102,32,0,1
BRDA:102,32,1,0
BRDA:102,33,0,0
BRDA:102,33,1,0
BRF:66
BRH:48
end_of_record
TN:
SF:/home/spericorn/Ajay/Staking Contract_Ethereum/contracts/staking.sol
FN:78,constructor
FN:111,stake
FN:147,unstake
FN:170,claimRewards
FN:187,updatePoolConfig
FN:213,updateFeeConfig
FN:236,collectFees
FN:249,lockRewards
FN:259,unlockRewards
FN:270,calculatePendingRewards
FN:309,updatePoolRewards
FN:338,calculateUnstakeFee
FN:356,getUserInfo
FN:371,getPoolConfig
FN:389,getFeeConfig
FN:401,getPoolStats
FN:415,getCollectedFees
FN:419,isPoolActive
FN:423,setLockPeriod
FNF:19
FNH:19
FNDA:91,constructor
FNDA:63,stake
FNDA:27,unstake
FNDA:9,claimRewards
FNDA:4,updatePoolConfig
FNDA:6,updateFeeConfig
FNDA:5,collectFees
FNDA:63,lockRewards
FNDA:4,unlockRewards
FNDA:58,calculatePendingRewards
FNDA:89,updatePoolRewards
FNDA:23,calculateUnstakeFee
FNDA:12,getUserInfo
FNDA:3,getPoolConfig
FNDA:2,getFeeConfig
FNDA:14,getPoolStats
FNDA:15,getCollectedFees
FNDA:68,isPoolActive
FNDA:6,setLockPeriod
DA:91,91
DA:92,91
DA:94,91
DA:108,91
DA:112,63
DA:113,61
DA:114,59
DA:116,58
DA:118,58
DA:120,58
DA:121,58
DA:122,58
DA:124,58
DA:125,49
DA:127,47
DA:128,47
DA:129,47
DA:130,47
DA:132,9
DA:134,9
DA:135,9
DA:137,8
DA:138,8
DA:139,8
DA:142,55
DA:144,55
DA:148,27
DA:149,27
DA:151,26
DA:153,23
DA:155,23
DA:156,23
DA:158,23
DA:159,23
DA:161,23
DA:163,23
DA:165,23
DA:167,23
DA:171,9
DA:172,9
DA:174,8
DA:176,8
DA:177,8
DA:179,8
DA:180,8
DA:182,8
DA:184,8
DA:190,4
DA:191,3
DA:193,2
DA:195,2
DA:196,2
DA:198,1
DA:199,1
DA:200,1
DA:201,1
DA:202,1
DA:204,1
DA:218,6
DA:220,5
DA:221,4
DA:223,3
DA:224,3
DA:225,3
DA:227,3
DA:237,5
DA:239,4
DA:240,4
DA:242,3
DA:244,3
DA:246,3
DA:250,63
DA:251,62
DA:253,61
DA:254,61
DA:256,61
DA:260,4
DA:261,3
DA:262,2
DA:264,1
DA:265,1
DA:267,1
DA:271,58
DA:272,58
DA:273,3
DA:276,55
DA:279,55
DA:280,9
DA:281,9
DA:282,9
DA:285,9
DA:286,0
DA:289,9
DA:290,2
DA:293,9
DA:294,9
DA:295,9
DA:296,9
DA:297,9
DA:301,55
DA:304,55
DA:310,89
DA:311,40
DA:312,40
DA:315,49
DA:316,49
DA:319,49
DA:320,0
DA:321,0
DA:324,49
DA:325,49
DA:327,49
DA:328,48
DA:329,48
DA:330,48
DA:332,48
DA:335,49
DA:339,23
DA:340,5
DA:343,18
DA:345,18
DA:346,1
DA:348,0
DA:350,17
DA:362,12
DA:363,12
DA:379,3
DA:394,2
DA:407,14
DA:416,15
DA:420,68
DA:424,6
DA:425,5
DA:426,5
DA:428,4
LF:135
LH:131
BRDA:111,1,0,63
BRDA:111,1,1,0
BRDA:112,2,0,2
BRDA:112,2,1,61
BRDA:113,3,0,2
BRDA:113,3,1,59
BRDA:114,4,0,1
BRDA:114,4,1,58
BRDA:121,5,0,0
BRDA:121,5,1,58
BRDA:124,6,0,49
BRDA:124,6,1,9
BRDA:125,7,0,2
BRDA:125,7,1,47
BRDA:135,8,0,1
BRDA:135,8,1,8
BRDA:147,9,0,27
BRDA:147,9,1,0
BRDA:149,10,0,1
BRDA:149,10,1,26
BRDA:151,11,0,3
BRDA:151,11,1,23
BRDA:170,12,0,9
BRDA:170,12,1,0
BRDA:172,13,0,1
BRDA:172,13,1,8
BRDA:177,14,0,0
BRDA:177,14,1,8
BRDA:190,15,0,1
BRDA:190,15,1,3
BRDA:191,16,0,1
BRDA:191,16,1,2
BRDA:196,17,0,1
BRDA:196,17,1,1
BRDA:218,18,0,1
BRDA:218,18,1,5
BRDA:220,19,0,1
BRDA:220,19,1,4
BRDA:221,20,0,1
BRDA:221,20,1,3
BRDA:237,21,0,1
BRDA:237,21,1,4
BRDA:240,22,0,1
BRDA:240,22,1,3
BRDA:250,23,0,1
BRDA:250,23,1,62
BRDA:251,24,0,1
BRDA:251,24,1,61
BRDA:260,25,0,1
BRDA:260,25,1,3
BRDA:261,26,0,1
BRDA:261,26,1,2
BRDA:262,27,0,1
BRDA:262,27,1,1
BRDA:272,28,0,3
BRDA:272,28,1,55
BRDA:279,29,0,9
BRDA:279,29,1,46
BRDA:285,30,0,0
BRDA:285,30,1,9
BRDA:289,31,0,2
BRDA:289,31,1,7
BRDA:293,32,0,9
BRDA:293,32,1,0
BRDA:304,33,0,50
BRDA:304,33,1,5
BRDA:310,34,0,40
BRDA:310,34,1,49
BRDA:319,35,0,0
BRDA:319,35,1,49
BRDA:324,36,0,0
BRDA:324,36,1,49
BRDA:325,37,0,5
BRDA:325,37,1,44
BRDA:327,38,0,48
BRDA:327,38,1,1
BRDA:339,39,0,5
BRDA:339,39,1,18
BRDA:345,40,0,1
BRDA:345,40,1,17
BRDA:347,41,0,0
BRDA:347,41,1,17
BRDA:424,42,0,1
BRDA:424,42,1,5
BRDA:426,43,0,1
BRDA:426,43,1,4
BRF:86
BRH:76
end_of_record
