TN:
SF:/home/spericorn/Ajay/Staking Contract_Ethereum/contracts/myCoin.sol
FN:8,constructor
FN:12,mintCoins
FN:16,decimals
FNF:3
FNH:3
FNDA:92,constructor
FNDA:93,mintCoins
FNDA:93,decimals
DA:9,92
DA:13,93
DA:17,93
LF:3
LH:3
BRDA:12,1,0,93
BRDA:12,1,1,1
BRF:2
BRH:2
end_of_record
TN:
SF:/home/spericorn/Ajay/Staking Contract_Ethereum/contracts/roles.sol
FN:19,constructor
FN:43,OnlyPoolAdmin
FN:49,OnlyFeeCollector
FN:55,OnlyRewardManager
FN:61,OnlyFeeManager
FN:67,UpdatePoolAdmin
FN:78,UpdateFeeManager
FN:89,UpdateFeeCollector
FN:100,UpdateRewardManager
FN:112,isPoolAdmin
FN:116,isFeeManager
FN:120,isFeeCollector
FN:124,isRewardManager
FNF:13
FNH:13
FNDA:98,constructor
FNDA:5,OnlyPoolAdmin
FNDA:4,OnlyFeeCollector
FNDA:4,OnlyRewardManager
FNDA:5,OnlyFeeManager
FNDA:4,UpdatePoolAdmin
FNDA:4,UpdateFeeManager
FNDA:3,UpdateFeeCollector
FNDA:3,UpdateRewardManager
FNDA:19,isPoolAdmin
FNDA:16,isFeeManager
FNDA:8,isFeeCollector
FNDA:79,isRewardManager
DA:21,98
DA:23,98
DA:24,3
DA:27,95
DA:35,3
DA:38,92
DA:39,92
DA:40,92
DA:45,5
DA:46,4
DA:51,4
DA:52,3
DA:57,4
DA:58,3
DA:63,5
DA:64,4
DA:68,4
DA:69,3
DA:70,1
DA:72,2
DA:73,2
DA:75,2
DA:79,4
DA:80,3
DA:81,1
DA:83,2
DA:84,2
DA:86,2
DA:90,3
DA:91,2
DA:92,1
DA:94,1
DA:95,1
DA:97,1
DA:101,3
DA:102,2
DA:104,1
DA:106,1
DA:107,1
DA:109,1
DA:113,19
DA:117,16
DA:121,8
DA:125,79
LF:44
LH:44
BRDA:23,1,0,3
BRDA:23,1,1,95
BRDA:23,2,0,1
BRDA:23,2,1,1
BRDA:23,3,0,1
BRDA:23,3,1,1
BRDA:27,4,0,3
BRDA:27,4,1,92
BRDA:28,5,0,1
BRDA:28,5,1,0
BRDA:28,6,0,0
BRDA:28,6,1,0
BRDA:28,7,0,0
BRDA:28,7,1,0
BRDA:28,8,0,0
BRDA:28,8,1,1
BRDA:28,9,0,1
BRDA:28,9,1,1
BRDA:45,10,0,1
BRDA:45,10,1,4
BRDA:51,11,0,1
BRDA:51,11,1,3
BRDA:57,12,0,1
BRDA:57,12,1,3
BRDA:63,13,0,1
BRDA:63,13,1,4
BRDA:67,14,0,4
BRDA:67,14,1,1
BRDA:68,15,0,1
BRDA:68,15,1,3
BRDA:69,16,0,1
BRDA:69,16,1,2
BRDA:69,17,0,1
BRDA:69,17,1,0
BRDA:69,18,0,0
BRDA:69,18,1,0
BRDA:78,19,0,4
BRDA:78,19,1,1
BRDA:79,20,0,1
BRDA:79,20,1,3
BRDA:80,21,0,1
BRDA:80,21,1,2
BRDA:80,22,0,0
BRDA:80,22,1,0
BRDA:80,23,0,0
BRDA:80,23,1,1
BRDA:89,24,0,3
BRDA:89,24,1,1
BRDA:90,25,0,1
BRDA:90,25,1,2
BRDA:91,26,0,1
BRDA:91,26,1,1
BRDA:91,27,0,1
BRDA:91,27,1,0
BRDA:91,28,0,0
BRDA:91,28,1,0
BRDA:100,29,0,3
BRDA:100,29,1,1
BRDA:101,30,0,1
BRDA:101,30,1,2
BRDA:102,31,0,1
BRDA:102,31,1,1
BRDA:102,32,0,1
BRDA:102,32,1,0
BRDA:102,33,0,0
BRDA:102,33,1,0
BRF:66
BRH:48
end_of_record
TN:
SF:/home/spericorn/Ajay/Staking Contract_Ethereum/contracts/staking.sol
FN:78,constructor
FN:111,stake
FN:148,unstake
FN:171,claimRewards
FN:188,updatePoolConfig
FN:214,updateFeeConfig
FN:237,collectFees
FN:250,lockRewards
FN:260,unlockRewards
FN:271,calculatePendingRewards
FN:310,updatePoolRewards
FN:339,calculateUnstakeFee
FN:357,getUserInfo
FN:372,getPoolConfig
FN:390,getFeeConfig
FN:402,getPoolStats
FN:416,getCollectedFees
FN:420,isPoolActive
FN:424,setLockPeriod
FNF:19
FNH:19
FNDA:102,constructor
FNDA:86,stake
FNDA:39,unstake
FNDA:13,claimRewards
FNDA:4,updatePoolConfig
FNDA:10,updateFeeConfig
FNDA:5,collectFees
FNDA:72,lockRewards
FNDA:4,unlockRewards
FNDA:95,calculatePendingRewards
FNDA:128,updatePoolRewards
FNDA:35,calculateUnstakeFee
FNDA:14,getUserInfo
FNDA:5,getPoolConfig
FNDA:3,getFeeConfig
FNDA:16,getPoolStats
FNDA:19,getCollectedFees
FNDA:81,isPoolActive
FNDA:9,setLockPeriod
DA:91,102
DA:92,102
DA:94,102
DA:108,102
DA:112,86
DA:113,84
DA:114,82
DA:116,81
DA:118,81
DA:120,81
DA:121,81
DA:123,81
DA:124,71
DA:126,70
DA:127,70
DA:128,70
DA:129,70
DA:131,10
DA:133,10
DA:134,10
DA:136,9
DA:137,9
DA:138,9
DA:141,79
DA:143,79
DA:145,79
DA:149,39
DA:150,39
DA:152,38
DA:154,35
DA:156,35
DA:157,35
DA:159,35
DA:160,35
DA:162,35
DA:164,35
DA:166,35
DA:168,35
DA:172,13
DA:173,13
DA:175,12
DA:177,12
DA:178,12
DA:180,12
DA:181,12
DA:183,12
DA:185,12
DA:191,4
DA:192,3
DA:194,2
DA:196,2
DA:197,2
DA:199,1
DA:200,1
DA:201,1
DA:202,1
DA:203,1
DA:205,1
DA:219,10
DA:221,9
DA:222,8
DA:224,7
DA:225,7
DA:226,7
DA:228,7
DA:238,5
DA:240,4
DA:241,4
DA:243,3
DA:245,3
DA:247,3
DA:251,72
DA:252,71
DA:254,70
DA:255,70
DA:257,70
DA:261,4
DA:262,3
DA:263,2
DA:265,1
DA:266,1
DA:268,1
DA:272,95
DA:273,95
DA:274,5
DA:277,90
DA:280,90
DA:281,26
DA:282,26
DA:283,26
DA:286,26
DA:287,0
DA:290,26
DA:291,4
DA:294,26
DA:295,26
DA:296,26
DA:297,26
DA:298,26
DA:302,90
DA:305,90
DA:311,128
DA:312,49
DA:313,49
DA:316,79
DA:317,79
DA:320,79
DA:321,0
DA:322,0
DA:325,79
DA:326,79
DA:328,79
DA:329,77
DA:330,77
DA:331,77
DA:333,77
DA:336,79
DA:340,35
DA:341,9
DA:344,26
DA:346,26
DA:347,2
DA:349,0
DA:351,24
DA:363,14
DA:364,14
DA:380,5
DA:395,3
DA:408,16
DA:417,19
DA:421,81
DA:425,9
DA:426,7
DA:427,7
DA:429,6
LF:135
LH:131
BRDA:111,1,0,86
BRDA:111,1,1,0
BRDA:112,2,0,2
BRDA:112,2,1,84
BRDA:113,3,0,2
BRDA:113,3,1,82
BRDA:114,4,0,1
BRDA:114,4,1,81
BRDA:121,5,0,0
BRDA:121,5,1,81
BRDA:123,6,0,71
BRDA:123,6,1,10
BRDA:124,7,0,1
BRDA:124,7,1,70
BRDA:134,8,0,1
BRDA:134,8,1,9
BRDA:148,9,0,39
BRDA:148,9,1,0
BRDA:150,10,0,1
BRDA:150,10,1,38
BRDA:152,11,0,3
BRDA:152,11,1,35
BRDA:171,12,0,13
BRDA:171,12,1,0
BRDA:173,13,0,1
BRDA:173,13,1,12
BRDA:178,14,0,0
BRDA:178,14,1,12
BRDA:191,15,0,1
BRDA:191,15,1,3
BRDA:192,16,0,1
BRDA:192,16,1,2
BRDA:197,17,0,1
BRDA:197,17,1,1
BRDA:219,18,0,1
BRDA:219,18,1,9
BRDA:221,19,0,1
BRDA:221,19,1,8
BRDA:222,20,0,1
BRDA:222,20,1,7
BRDA:238,21,0,1
BRDA:238,21,1,4
BRDA:241,22,0,1
BRDA:241,22,1,3
BRDA:251,23,0,1
BRDA:251,23,1,71
BRDA:252,24,0,1
BRDA:252,24,1,70
BRDA:261,25,0,1
BRDA:261,25,1,3
BRDA:262,26,0,1
BRDA:262,26,1,2
BRDA:263,27,0,1
BRDA:263,27,1,1
BRDA:273,28,0,5
BRDA:273,28,1,90
BRDA:280,29,0,26
BRDA:280,29,1,64
BRDA:286,30,0,0
BRDA:286,30,1,26
BRDA:290,31,0,4
BRDA:290,31,1,22
BRDA:294,32,0,26
BRDA:294,32,1,0
BRDA:305,33,0,85
BRDA:305,33,1,5
BRDA:311,34,0,49
BRDA:311,34,1,79
BRDA:320,35,0,0
BRDA:320,35,1,79
BRDA:325,36,0,0
BRDA:325,36,1,79
BRDA:326,37,0,9
BRDA:326,37,1,70
BRDA:328,38,0,77
BRDA:328,38,1,2
BRDA:340,39,0,9
BRDA:340,39,1,26
BRDA:346,40,0,2
BRDA:346,40,1,24
BRDA:348,41,0,0
BRDA:348,41,1,24
BRDA:425,42,0,2
BRDA:425,42,1,7
BRDA:427,43,0,1
BRDA:427,43,1,6
BRF:86
BRH:76
end_of_record
